# JRE version: OpenJDK Runtime Environment (11.0+28) (build 11+28)
# Java VM: OpenJDK 64-Bit Server VM (11+28, mixed mode, tiered, compressed oops, g1 gc, windows-amd64)
Heap:
 garbage-first heap   total 78848K, used 22847K [0x00000000c1e00000, 0x0000000100000000)
  region size 1024K, 3 young (3072K), 3 survivors (3072K)
 Metaspace       used 42038K, capacity 43452K, committed 43600K, reserved 1095680K
  class space    used 5362K, capacity 5920K, committed 6016K, reserved 1048576K
GC Heap History (10 events):
Event: 35.874 GC heap before
{Heap before GC invocations=17 (full 0):
 garbage-first heap   total 65536K, used 18954K [0x00000000c1e00000, 0x0000000100000000)
  region size 1024K, 2 young (2048K), 1 survivors (1024K)
 Metaspace       used 34731K, capacity 35983K, committed 36048K, reserved 1081344K
  class space    used 4369K, capacity 4855K, committed 4864K, reserved 1048576K
}
Event: 35.880 GC heap after
{Heap after GC invocations=18 (full 0):
 garbage-first heap   total 65536K, used 18911K [0x00000000c1e00000, 0x0000000100000000)
  region size 1024K, 1 young (1024K), 1 survivors (1024K)
 Metaspace       used 34731K, capacity 35983K, committed 36048K, reserved 1081344K
  class space    used 4369K, capacity 4855K, committed 4864K, reserved 1048576K
}
Event: 38.954 GC heap before
{Heap before GC invocations=19 (full 0):
 garbage-first heap   total 65536K, used 38367K [0x00000000c1e00000, 0x0000000100000000)
  region size 1024K, 20 young (20480K), 1 survivors (1024K)
 Metaspace       used 37372K, capacity 38778K, committed 39120K, reserved 1083392K
  class space    used 4712K, capacity 5259K, committed 5376K, reserved 1048576K
}
Event: 38.968 GC heap after
{Heap after GC invocations=20 (full 0):
 garbage-first heap   total 65536K, used 20627K [0x00000000c1e00000, 0x0000000100000000)
  region size 1024K, 3 young (3072K), 3 survivors (3072K)
 Metaspace       used 37372K, capacity 38778K, committed 39120K, reserved 1083392K
  class space    used 4712K, capacity 5259K, committed 5376K, reserved 1048576K
}
Event: 42.845 GC heap before
{Heap before GC invocations=20 (full 0):
 garbage-first heap   total 65536K, used 40083K [0x00000000c1e00000, 0x0000000100000000)
  region size 1024K, 22 young (22528K), 3 survivors (3072K)
 Metaspace       used 38487K, capacity 39936K, committed 40272K, reserved 1083392K
  class space    used 4860K, capacity 5413K, committed 5504K, reserved 1048576K
}
Event: 42.867 GC heap after
{Heap after GC invocations=21 (full 0):
 garbage-first heap   total 65536K, used 21679K [0x00000000c1e00000, 0x0000000100000000)
  region size 1024K, 2 young (2048K), 2 survivors (2048K)
 Metaspace       used 38487K, capacity 39936K, committed 40272K, reserved 1083392K
  class space    used 4860K, capacity 5413K, committed 5504K, reserved 1048576K
}
Event: 45.924 GC heap before
{Heap before GC invocations=21 (full 0):
 garbage-first heap   total 65536K, used 41135K [0x00000000c1e00000, 0x0000000100000000)
  region size 1024K, 22 young (22528K), 2 survivors (2048K)
 Metaspace       used 41261K, capacity 42711K, committed 42960K, reserved 1087488K
  class space    used 5226K, capacity 5781K, committed 5888K, reserved 1048576K
}
Event: 45.938 GC heap after
{Heap after GC invocations=22 (full 0):
 garbage-first heap   total 78848K, used 22492K [0x00000000c1e00000, 0x0000000100000000)
  region size 1024K, 2 young (2048K), 2 survivors (2048K)
 Metaspace       used 41261K, capacity 42711K, committed 42960K, reserved 1087488K
  class space    used 5226K, capacity 5781K, committed 5888K, reserved 1048576K
}
Event: 47.160 GC heap before
{Heap before GC invocations=22 (full 0):
 garbage-first heap   total 78848K, used 27612K [0x00000000c1e00000, 0x0000000100000000)
  region size 1024K, 8 young (8192K), 2 survivors (2048K)
 Metaspace       used 42038K, capacity 43452K, committed 43600K, reserved 1093632K
  class space    used 5362K, capacity 5920K, committed 6016K, reserved 1048576K
}
Event: 47.175 GC heap after
{Heap after GC invocations=23 (full 0):
 garbage-first heap   total 78848K, used 22847K [0x00000000c1e00000, 0x0000000100000000)
  region size 1024K, 3 young (3072K), 3 survivors (3072K)
 Metaspace       used 42038K, capacity 43452K, committed 43600K, reserved 1093632K
  class space    used 5362K, capacity 5920K, committed 6016K, reserved 1048576K
}

