# JRE version: OpenJDK Runtime Environment JBR-11.0.11.9-1341.60-jcef (11.0.11+9) (build 11.0.11+9-b1341.60)
# Java VM: OpenJDK 64-Bit Server VM JBR-11.0.11.9-1341.60-jcef (11.0.11+9-b1341.60, mixed mode, tiered, compressed oops, g1 gc, windows-amd64)
Heap:
 garbage-first heap   total 131072K, used 7993K [0x00000000d1200000, 0x0000000100000000)
  region size 1024K, 6 young (6144K), 2 survivors (2048K)
 Metaspace       used 16486K, capacity 16957K, committed 17152K, reserved 1064960K
  class space    used 1599K, capacity 1764K, committed 1792K, reserved 1048576K
GC Heap History (8 events):
Event: 11.860 GC heap before
{Heap before GC invocations=0 (full 0):
 garbage-first heap   total 131072K, used 7168K [0x00000000d1200000, 0x0000000100000000)
  region size 1024K, 7 young (7168K), 0 survivors (0K)
 Metaspace       used 10231K, capacity 10580K, committed 10624K, reserved 1058816K
  class space    used 1017K, capacity 1133K, committed 1152K, reserved 1048576K
}
Event: 11.907 GC heap after
{Heap after GC invocations=1 (full 0):
 garbage-first heap   total 131072K, used 2907K [0x00000000d1200000, 0x0000000100000000)
  region size 1024K, 1 young (1024K), 1 survivors (1024K)
 Metaspace       used 10231K, capacity 10580K, committed 10624K, reserved 1058816K
  class space    used 1017K, capacity 1133K, committed 1152K, reserved 1048576K
}
Event: 13.354 GC heap before
{Heap before GC invocations=1 (full 0):
 garbage-first heap   total 131072K, used 7003K [0x00000000d1200000, 0x0000000100000000)
  region size 1024K, 6 young (6144K), 1 survivors (1024K)
 Metaspace       used 12979K, capacity 13292K, committed 13568K, reserved 1060864K
  class space    used 1341K, capacity 1484K, committed 1536K, reserved 1048576K
}
Event: 13.367 GC heap after
{Heap after GC invocations=2 (full 0):
 garbage-first heap   total 131072K, used 3432K [0x00000000d1200000, 0x0000000100000000)
  region size 1024K, 1 young (1024K), 1 survivors (1024K)
 Metaspace       used 12979K, capacity 13292K, committed 13568K, reserved 1060864K
  class space    used 1341K, capacity 1484K, committed 1536K, reserved 1048576K
}
Event: 22.293 GC heap before
{Heap before GC invocations=2 (full 0):
 garbage-first heap   total 131072K, used 17768K [0x00000000d1200000, 0x0000000100000000)
  region size 1024K, 16 young (16384K), 1 survivors (1024K)
 Metaspace       used 16276K, capacity 16784K, committed 16896K, reserved 1064960K
  class space    used 1592K, capacity 1755K, committed 1792K, reserved 1048576K
}
Event: 22.313 GC heap after
{Heap after GC invocations=3 (full 0):
 garbage-first heap   total 131072K, used 4641K [0x00000000d1200000, 0x0000000100000000)
  region size 1024K, 2 young (2048K), 2 survivors (2048K)
 Metaspace       used 16276K, capacity 16784K, committed 16896K, reserved 1064960K
  class space    used 1592K, capacity 1755K, committed 1792K, reserved 1048576K
}
Event: 241.337 GC heap before
{Heap before GC invocations=3 (full 0):
 garbage-first heap   total 131072K, used 24097K [0x00000000d1200000, 0x0000000100000000)
  region size 1024K, 21 young (21504K), 2 survivors (2048K)
 Metaspace       used 16453K, capacity 16957K, committed 17152K, reserved 1064960K
  class space    used 1599K, capacity 1764K, committed 1792K, reserved 1048576K
}
Event: 241.372 GC heap after
{Heap after GC invocations=4 (full 0):
 garbage-first heap   total 131072K, used 4921K [0x00000000d1200000, 0x0000000100000000)
  region size 1024K, 2 young (2048K), 2 survivors (2048K)
 Metaspace       used 16453K, capacity 16957K, committed 17152K, reserved 1064960K
  class space    used 1599K, capacity 1764K, committed 1792K, reserved 1048576K
}

