# JRE version: OpenJDK Runtime Environment (11.0+28) (build 11+28)
# Java VM: OpenJDK 64-Bit Server VM (11+28, mixed mode, tiered, compressed oops, g1 gc, windows-amd64)
Heap:
 garbage-first heap   total 95232K, used 33965K [0x00000000c1e00000, 0x0000000100000000)
  region size 1024K, 4 young (4096K), 4 survivors (4096K)
 Metaspace       used 57395K, capacity 59351K, committed 59600K, reserved 1099776K
  class space    used 7669K, capacity 8475K, committed 8576K, reserved 1048576K
GC Heap History (10 events):
Event: 37.991 GC heap after
{Heap after GC invocations=21 (full 0):
 garbage-first heap   total 78848K, used 24021K [0x00000000c1e00000, 0x0000000100000000)
  region size 1024K, 3 young (3072K), 3 survivors (3072K)
 Metaspace       used 46647K, capacity 48208K, committed 48336K, reserved 1091584K
  class space    used 6049K, capacity 6674K, committed 6784K, reserved 1048576K
}
Event: 40.588 GC heap before
{Heap before GC invocations=21 (full 0):
 garbage-first heap   total 78848K, used 58837K [0x00000000c1e00000, 0x0000000100000000)
  region size 1024K, 37 young (37888K), 3 survivors (3072K)
 Metaspace       used 51139K, capacity 52696K, committed 52816K, reserved 1095680K
  class space    used 6745K, capacity 7383K, committed 7424K, reserved 1048576K
}
Event: 40.609 GC heap after
{Heap after GC invocations=22 (full 0):
 garbage-first heap   total 78848K, used 25600K [0x00000000c1e00000, 0x0000000100000000)
  region size 1024K, 3 young (3072K), 3 survivors (3072K)
 Metaspace       used 51139K, capacity 52696K, committed 52816K, reserved 1095680K
  class space    used 6745K, capacity 7383K, committed 7424K, reserved 1048576K
}
Event: 42.550 GC heap before
{Heap before GC invocations=22 (full 0):
 garbage-first heap   total 78848K, used 60416K [0x00000000c1e00000, 0x0000000100000000)
  region size 1024K, 37 young (37888K), 3 survivors (3072K)
 Metaspace       used 52657K, capacity 54334K, committed 54608K, reserved 1095680K
  class space    used 6926K, capacity 7629K, committed 7680K, reserved 1048576K
}
Event: 42.574 GC heap after
{Heap after GC invocations=23 (full 0):
 garbage-first heap   total 78848K, used 28498K [0x00000000c1e00000, 0x0000000100000000)
  region size 1024K, 5 young (5120K), 5 survivors (5120K)
 Metaspace       used 52657K, capacity 54334K, committed 54608K, reserved 1095680K
  class space    used 6926K, capacity 7629K, committed 7680K, reserved 1048576K
}
Event: 44.468 GC heap before
{Heap before GC invocations=23 (full 0):
 garbage-first heap   total 78848K, used 61266K [0x00000000c1e00000, 0x0000000100000000)
  region size 1024K, 37 young (37888K), 5 survivors (5120K)
 Metaspace       used 55148K, capacity 57043K, committed 57168K, reserved 1097728K
  class space    used 7332K, capacity 8111K, committed 8192K, reserved 1048576K
}
Event: 44.492 GC heap after
{Heap after GC invocations=24 (full 0):
 garbage-first heap   total 78848K, used 30220K [0x00000000c1e00000, 0x0000000100000000)
  region size 1024K, 2 young (2048K), 2 survivors (2048K)
 Metaspace       used 55148K, capacity 57043K, committed 57168K, reserved 1097728K
  class space    used 7332K, capacity 8111K, committed 8192K, reserved 1048576K
}
Event: 45.998 GC heap before
{Heap before GC invocations=24 (full 0):
 garbage-first heap   total 78848K, used 62988K [0x00000000c1e00000, 0x0000000100000000)
  region size 1024K, 34 young (34816K), 2 survivors (2048K)
 Metaspace       used 56699K, capacity 58683K, committed 58960K, reserved 1099776K
  class space    used 7559K, capacity 8382K, committed 8448K, reserved 1048576K
}
Event: 46.023 GC heap after
{Heap after GC invocations=25 (full 0):
 garbage-first heap   total 78848K, used 31706K [0x00000000c1e00000, 0x0000000100000000)
  region size 1024K, 4 young (4096K), 4 survivors (4096K)
 Metaspace       used 56699K, capacity 58683K, committed 58960K, reserved 1099776K
  class space    used 7559K, capacity 8382K, committed 8448K, reserved 1048576K
}
Event: 48.063 GC heap before
{Heap before GC invocations=25 (full 0):
 garbage-first heap   total 78848K, used 63450K [0x00000000c1e00000, 0x0000000100000000)
  region size 1024K, 35 young (35840K), 4 survivors (4096K)
 Metaspace       used 57395K, capacity 59351K, committed 59600K, reserved 1099776K
  class space    used 7669K, capacity 8475K, committed 8576K, reserved 1048576K
}

